<?xml version="1.0" encoding="UTF-8"?>
<!-- Generated by org.testng.reporters.JUnitXMLReporter -->
<testsuite ignored="2" hostname="DESKTOP-NJ97IE9" failures="0" tests="2" name="Default test" time="1.762" errors="0" timestamp="2023-03-02T13:10:33 IST">
  <testcase classname="session19.OwnAPITesting" name="DeleteUser" time="1.064"/>
  <testcase classname="session19.OwnAPITesting" name="readUserData" time="0.058"/>
  <testcase classname="session19.OwnAPITesting" name="CreateUser" time="0.0">
    <ignored/>
  </testcase> <!-- CreateUser -->
  <testcase classname="session19.OwnAPITesting" name="UpdateUser" time="0.0">
    <ignored/>
  </testcase> <!-- UpdateUser -->
</testsuite> <!-- Default test -->
