<?xml version="1.0" encoding="UTF-8"?>
<!-- Generated by org.testng.reporters.JUnitXMLReporter -->
<testsuite ignored="2" hostname="DESKTOP-NJ97IE9" failures="0" tests="1" name="Default test" time="1.378" errors="0" timestamp="2023-02-05T12:58:32 IST">
  <testcase classname="session04.CheckForValidResponse" name="GetSingleUser_BDDStyle" time="1.345"/>
  <testcase classname="session04.CheckForValidResponse" name="GetSingleUser" time="0.0">
    <ignored/>
  </testcase> <!-- GetSingleUser -->
  <testcase classname="session04.CheckForValidResponse" name="GetSingleUserUsingValidatableResponse" time="0.0">
    <ignored/>
  </testcase> <!-- GetSingleUserUsingValidatableResponse -->
</testsuite> <!-- Default test -->
