<?xml version="1.0" encoding="UTF-8"?>
<testng-results ignored="0" total="1" passed="1" failed="0" skipped="0">
  <reporter-output>
  </reporter-output>
  <suite started-at="2023-03-12T17:54:31 IST" name="Default suite" finished-at="2023-03-12T17:54:31 IST" duration-ms="317">
    <groups>
    </groups>
    <test started-at="2023-03-12T17:54:31 IST" name="Default test" finished-at="2023-03-12T17:54:31 IST" duration-ms="317">
      <class name="session24.DemoJsonInclude">
        <test-method signature="testMethod1()[pri:0, instance:session24.DemoJsonInclude@6d4e5011]" started-at="2023-03-12T17:54:31 IST" name="testMethod1" finished-at="2023-03-12T17:54:31 IST" duration-ms="265" status="PASS">
          <reporter-output>
          </reporter-output>
        </test-method> <!-- testMethod1 -->
      </class> <!-- session24.DemoJsonInclude -->
    </test> <!-- Default test -->
  </suite> <!-- Default suite -->
</testng-results>
