<?xml version="1.0" encoding="UTF-8"?>
<testng-results ignored="0" total="1" passed="1" failed="0" skipped="0">
  <reporter-output>
  </reporter-output>
  <suite started-at="2023-03-15T14:07:56 IST" name="Default suite" finished-at="2023-03-15T14:07:56 IST" duration-ms="285">
    <groups>
    </groups>
    <test started-at="2023-03-15T14:07:56 IST" name="Default test" finished-at="2023-03-15T14:07:56 IST" duration-ms="285">
      <class name="session25.DemoJSONIgnore">
        <test-method signature="testMethod1()[pri:0, instance:session25.DemoJSONIgnore@6d4e5011]" started-at="2023-03-15T14:07:56 IST" name="testMethod1" finished-at="2023-03-15T14:07:56 IST" duration-ms="251" status="PASS">
          <reporter-output>
          </reporter-output>
        </test-method> <!-- testMethod1 -->
      </class> <!-- session25.DemoJSONIgnore -->
    </test> <!-- Default test -->
  </suite> <!-- Default suite -->
</testng-results>
