<?xml version="1.0" encoding="UTF-8"?>
<testng-results ignored="2" total="3" passed="1" failed="0" skipped="0">
  <reporter-output>
  </reporter-output>
  <suite started-at="2023-02-05T12:58:30 IST" name="Default suite" finished-at="2023-02-05T12:58:32 IST" duration-ms="1378">
    <groups>
    </groups>
    <test started-at="2023-02-05T12:58:30 IST" name="Default test" finished-at="2023-02-05T12:58:32 IST" duration-ms="1378">
      <class name="session04.CheckForValidResponse">
        <test-method signature="GetSingleUser_BDDStyle()[pri:0, instance:session04.CheckForValidResponse@4d5b6aac]" started-at="2023-02-05T12:58:30 IST" name="GetSingleUser_BDDStyle" finished-at="2023-02-05T12:58:32 IST" duration-ms="1345" status="PASS">
          <reporter-output>
          </reporter-output>
        </test-method> <!-- GetSingleUser_BDDStyle -->
      </class> <!-- session04.CheckForValidResponse -->
    </test> <!-- Default test -->
  </suite> <!-- Default suite -->
</testng-results>
