<?xml version="1.0" encoding="UTF-8"?>
<testng-results ignored="0" total="1" passed="1" failed="0" skipped="0">
  <reporter-output>
  </reporter-output>
  <suite started-at="2023-02-06T15:00:52 IST" name="Default suite" finished-at="2023-02-06T15:00:54 IST" duration-ms="2077">
    <groups>
    </groups>
    <test started-at="2023-02-06T15:00:52 IST" name="Default test" finished-at="2023-02-06T15:00:54 IST" duration-ms="2077">
      <class name="session06.ValidateJsonResponseBody">
        <test-method signature="UserListResponseBody()[pri:0, instance:session06.ValidateJsonResponseBody@49c7b90e]" started-at="2023-02-06T15:00:52 IST" name="UserListResponseBody" finished-at="2023-02-06T15:00:54 IST" duration-ms="2041" status="PASS">
          <reporter-output>
          </reporter-output>
        </test-method> <!-- UserListResponseBody -->
      </class> <!-- session06.ValidateJsonResponseBody -->
    </test> <!-- Default test -->
  </suite> <!-- Default suite -->
</testng-results>
