<?xml version="1.0" encoding="UTF-8"?>
<testng-results ignored="0" total="1" passed="1" failed="0" skipped="0">
  <reporter-output>
  </reporter-output>
  <suite started-at="2023-05-03T11:45:55 IST" name="Default suite" finished-at="2023-05-03T11:45:55 IST" duration-ms="547">
    <groups>
    </groups>
    <test started-at="2023-05-03T11:45:55 IST" name="Default test" finished-at="2023-05-03T11:45:55 IST" duration-ms="547">
      <class name="session31.DemoSchemaValidation2">
        <test-method signature="testMethod()[pri:0, instance:session31.DemoSchemaValidation2@2b91004a]" started-at="2023-05-03T11:45:55 IST" name="testMethod" finished-at="2023-05-03T11:45:55 IST" duration-ms="502" status="PASS">
          <reporter-output>
          </reporter-output>
        </test-method> <!-- testMethod -->
      </class> <!-- session31.DemoSchemaValidation2 -->
    </test> <!-- Default test -->
  </suite> <!-- Default suite -->
</testng-results>
