<?xml version="1.0" encoding="UTF-8"?>
<testng-results ignored="1" total="2" passed="1" failed="0" skipped="0">
  <reporter-output>
  </reporter-output>
  <suite started-at="2023-02-25T18:37:08 IST" name="Default suite" finished-at="2023-02-25T18:37:11 IST" duration-ms="3213">
    <groups>
    </groups>
    <test started-at="2023-02-25T18:37:08 IST" name="Default test" finished-at="2023-02-25T18:37:11 IST" duration-ms="3213">
      <class name="session18.FileUploadDemo">
        <test-method signature="uploadImage()[pri:0, instance:session18.FileUploadDemo@483f6d77]" started-at="2023-02-25T18:37:08 IST" name="uploadImage" finished-at="2023-02-25T18:37:11 IST" duration-ms="3174" status="PASS">
          <reporter-output>
          </reporter-output>
        </test-method> <!-- uploadImage -->
      </class> <!-- session18.FileUploadDemo -->
    </test> <!-- Default test -->
  </suite> <!-- Default suite -->
</testng-results>
