<?xml version="1.0" encoding="UTF-8"?>
<testng-results ignored="2" total="4" passed="2" failed="0" skipped="0">
  <reporter-output>
  </reporter-output>
  <suite started-at="2023-03-02T13:10:32 IST" name="Default suite" finished-at="2023-03-02T13:10:33 IST" duration-ms="1762">
    <groups>
    </groups>
    <test started-at="2023-03-02T13:10:32 IST" name="Default test" finished-at="2023-03-02T13:10:33 IST" duration-ms="1762">
      <class name="session19.OwnAPITesting">
        <test-method is-config="true" signature="setupDefault()[pri:0, instance:session19.OwnAPITesting@543588e6]" started-at="2023-03-02T13:10:32 IST" name="setupDefault" finished-at="2023-03-02T13:10:32 IST" duration-ms="592" status="PASS">
          <reporter-output>
          </reporter-output>
        </test-method> <!-- setupDefault -->
        <test-method signature="DeleteUser()[pri:0, instance:session19.OwnAPITesting@543588e6]" started-at="2023-03-02T13:10:32 IST" name="DeleteUser" finished-at="2023-03-02T13:10:33 IST" duration-ms="1064" status="PASS">
          <reporter-output>
          </reporter-output>
        </test-method> <!-- DeleteUser -->
        <test-method signature="readUserData()[pri:0, instance:session19.OwnAPITesting@543588e6]" started-at="2023-03-02T13:10:33 IST" name="readUserData" finished-at="2023-03-02T13:10:33 IST" duration-ms="58" status="PASS">
          <reporter-output>
          </reporter-output>
        </test-method> <!-- readUserData -->
      </class> <!-- session19.OwnAPITesting -->
    </test> <!-- Default test -->
  </suite> <!-- Default suite -->
</testng-results>
