<?xml version="1.0" encoding="UTF-8"?>
<testng-results ignored="0" total="2" passed="2" failed="0" skipped="0">
  <reporter-output>
  </reporter-output>
  <suite started-at="2023-02-13T16:04:36 IST" name="Default suite" finished-at="2023-02-13T16:04:39 IST" duration-ms="3250">
    <groups>
    </groups>
    <test started-at="2023-02-13T16:04:36 IST" name="Default test" finished-at="2023-02-13T16:04:39 IST" duration-ms="3250">
      <class name="Session11.AuthorizationDemoOauth">
        <test-method signature="GetAccessToken()[pri:0, instance:Session11.AuthorizationDemoOauth@3e84448c]" started-at="2023-02-13T16:04:36 IST" name="GetAccessToken" finished-at="2023-02-13T16:04:38 IST" duration-ms="2158" status="PASS">
          <reporter-output>
          </reporter-output>
        </test-method> <!-- GetAccessToken -->
        <test-method signature="ListInvoice()[pri:0, instance:Session11.AuthorizationDemoOauth@3e84448c]" started-at="2023-02-13T16:04:38 IST" name="ListInvoice" finished-at="2023-02-13T16:04:39 IST" depends-on-methods="Session11.AuthorizationDemoOauth.GetAccessToken" duration-ms="1054" status="PASS">
          <reporter-output>
          </reporter-output>
        </test-method> <!-- ListInvoice -->
      </class> <!-- Session11.AuthorizationDemoOauth -->
    </test> <!-- Default test -->
  </suite> <!-- Default suite -->
</testng-results>
