<?xml version="1.0" encoding="UTF-8"?>
<testng-results ignored="0" total="2" passed="2" failed="0" skipped="0">
  <reporter-output>
  </reporter-output>
  <suite started-at="2023-03-21T18:07:48 IST" name="Default suite" finished-at="2023-03-21T18:07:52 IST" duration-ms="3660">
    <groups>
    </groups>
    <test started-at="2023-03-21T18:07:48 IST" name="Default test" finished-at="2023-03-21T18:07:52 IST" duration-ms="3660">
      <class name="session27.DemoTest">
        <test-method signature="test1()[pri:0, instance:session27.DemoTest@5403f35f]" started-at="2023-03-21T18:07:48 IST" name="test1" finished-at="2023-03-21T18:07:51 IST" duration-ms="2715" status="PASS">
          <reporter-output>
          </reporter-output>
        </test-method> <!-- test1 -->
        <test-method signature="test2()[pri:0, instance:session27.DemoTest@5403f35f]" started-at="2023-03-21T18:07:51 IST" name="test2" finished-at="2023-03-21T18:07:52 IST" duration-ms="876" status="PASS">
          <reporter-output>
          </reporter-output>
        </test-method> <!-- test2 -->
      </class> <!-- session27.DemoTest -->
    </test> <!-- Default test -->
  </suite> <!-- Default suite -->
</testng-results>
